# JRE version: OpenJDK Runtime Environment (11.0.7+10) (build 11.0.7+10-post-Ubuntu-3ubuntu1)
# Java VM: OpenJDK 64-Bit Server VM (11.0.7+10-post-Ubuntu-3ubuntu1, mixed mode, sharing, tiered, compressed oops, g1 gc, linux-amd64)
Heap:
 garbage-first heap   total 177152K, used 95622K [0x0000000083800000, 0x0000000100000000)
  region size 1024K, 90 young (92160K), 9 survivors (9216K)
 Metaspace       used 33150K, capacity 34413K, committed 34816K, reserved 1079296K
  class space    used 4268K, capacity 4745K, committed 4864K, reserved 1048576K
GC Heap History (16 events):
Event: 0.470 GC heap before
{Heap before GC invocations=0 (full 0):
 garbage-first heap   total 131072K, used 14020K [0x0000000083800000, 0x0000000100000000)
  region size 1024K, 14 young (14336K), 0 survivors (0K)
 Metaspace       used 5956K, capacity 6261K, committed 6528K, reserved 1056768K
  class space    used 726K, capacity 853K, committed 896K, reserved 1048576K
}
Event: 0.481 GC heap after
{Heap after GC invocations=1 (full 0):
 garbage-first heap   total 131072K, used 5201K [0x0000000083800000, 0x0000000100000000)
  region size 1024K, 2 young (2048K), 2 survivors (2048K)
 Metaspace       used 5956K, capacity 6261K, committed 6528K, reserved 1056768K
  class space    used 726K, capacity 853K, committed 896K, reserved 1048576K
}
Event: 0.621 GC heap before
{Heap before GC invocations=1 (full 0):
 garbage-first heap   total 131072K, used 14417K [0x0000000083800000, 0x0000000100000000)
  region size 1024K, 11 young (11264K), 2 survivors (2048K)
 Metaspace       used 7424K, capacity 7836K, committed 8064K, reserved 1056768K
  class space    used 889K, capacity 1029K, committed 1152K, reserved 1048576K
}
Event: 0.629 GC heap after
{Heap after GC invocations=2 (full 0):
 garbage-first heap   total 131072K, used 6187K [0x0000000083800000, 0x0000000100000000)
  region size 1024K, 1 young (1024K), 1 survivors (1024K)
 Metaspace       used 7424K, capacity 7836K, committed 8064K, reserved 1056768K
  class space    used 889K, capacity 1029K, committed 1152K, reserved 1048576K
}
Event: 0.870 GC heap before
{Heap before GC invocations=2 (full 0):
 garbage-first heap   total 131072K, used 32811K [0x0000000083800000, 0x0000000100000000)
  region size 1024K, 27 young (27648K), 1 survivors (1024K)
 Metaspace       used 10027K, capacity 10495K, committed 10752K, reserved 1058816K
  class space    used 1210K, capacity 1431K, committed 1536K, reserved 1048576K
}
Event: 0.880 GC heap after
{Heap after GC invocations=3 (full 0):
 garbage-first heap   total 131072K, used 7400K [0x0000000083800000, 0x0000000100000000)
  region size 1024K, 2 young (2048K), 2 survivors (2048K)
 Metaspace       used 10027K, capacity 10495K, committed 10752K, reserved 1058816K
  class space    used 1210K, capacity 1431K, committed 1536K, reserved 1048576K
}
Event: 1.090 GC heap before
{Heap before GC invocations=3 (full 0):
 garbage-first heap   total 131072K, used 45288K [0x0000000083800000, 0x0000000100000000)
  region size 1024K, 40 young (40960K), 2 survivors (2048K)
 Metaspace       used 13074K, capacity 13777K, committed 14080K, reserved 1060864K
  class space    used 1669K, capacity 1938K, committed 2048K, reserved 1048576K
}
Event: 1.409 GC heap after
{Heap after GC invocations=4 (full 0):
 garbage-first heap   total 131072K, used 8582K [0x0000000083800000, 0x0000000100000000)
  region size 1024K, 3 young (3072K), 3 survivors (3072K)
 Metaspace       used 13074K, capacity 13777K, committed 14080K, reserved 1060864K
  class space    used 1669K, capacity 1938K, committed 2048K, reserved 1048576K
}
Event: 1.622 GC heap before
{Heap before GC invocations=4 (full 0):
 garbage-first heap   total 131072K, used 63878K [0x0000000083800000, 0x0000000100000000)
  region size 1024K, 57 young (58368K), 3 survivors (3072K)
 Metaspace       used 17362K, capacity 18193K, committed 18432K, reserved 1064960K
  class space    used 2200K, capacity 2516K, committed 2560K, reserved 1048576K
}
Event: 1.626 GC heap after
{Heap after GC invocations=5 (full 0):
 garbage-first heap   total 177152K, used 9068K [0x0000000083800000, 0x0000000100000000)
  region size 1024K, 4 young (4096K), 4 survivors (4096K)
 Metaspace       used 17362K, capacity 18193K, committed 18432K, reserved 1064960K
  class space    used 2200K, capacity 2516K, committed 2560K, reserved 1048576K
}
Event: 2.104 GC heap before
{Heap before GC invocations=5 (full 0):
 garbage-first heap   total 177152K, used 87916K [0x0000000083800000, 0x0000000100000000)
  region size 1024K, 81 young (82944K), 4 survivors (4096K)
 Metaspace       used 20047K, capacity 20974K, committed 21248K, reserved 1067008K
  class space    used 2599K, capacity 2968K, committed 3072K, reserved 1048576K
}
Event: 2.120 GC heap after
{Heap after GC invocations=6 (full 0):
 garbage-first heap   total 177152K, used 11810K [0x0000000083800000, 0x0000000100000000)
  region size 1024K, 7 young (7168K), 7 survivors (7168K)
 Metaspace       used 20047K, capacity 20974K, committed 21248K, reserved 1067008K
  class space    used 2599K, capacity 2968K, committed 3072K, reserved 1048576K
}
Event: 2.152 GC heap before
{Heap before GC invocations=6 (full 0):
 garbage-first heap   total 177152K, used 12834K [0x0000000083800000, 0x0000000100000000)
  region size 1024K, 9 young (9216K), 7 survivors (7168K)
 Metaspace       used 20119K, capacity 21038K, committed 21248K, reserved 1067008K
  class space    used 2607K, capacity 2968K, committed 3072K, reserved 1048576K
}
Event: 2.161 GC heap after
{Heap after GC invocations=7 (full 0):
 garbage-first heap   total 177152K, used 11416K [0x0000000083800000, 0x0000000100000000)
  region size 1024K, 6 young (6144K), 6 survivors (6144K)
 Metaspace       used 20119K, capacity 21038K, committed 21248K, reserved 1067008K
  class space    used 2607K, capacity 2968K, committed 3072K, reserved 1048576K
}
Event: 2.917 GC heap before
{Heap before GC invocations=8 (full 0):
 garbage-first heap   total 177152K, used 110744K [0x0000000083800000, 0x0000000100000000)
  region size 1024K, 103 young (105472K), 6 survivors (6144K)
 Metaspace       used 27035K, capacity 28200K, committed 28288K, reserved 1073152K
  class space    used 3475K, capacity 3937K, committed 3968K, reserved 1048576K
}
Event: 2.940 GC heap after
{Heap after GC invocations=9 (full 0):
 garbage-first heap   total 177152K, used 14726K [0x0000000083800000, 0x0000000100000000)
  region size 1024K, 9 young (9216K), 9 survivors (9216K)
 Metaspace       used 27035K, capacity 28200K, committed 28288K, reserved 1073152K
  class space    used 3475K, capacity 3937K, committed 3968K, reserved 1048576K
}

